2020-05-25 11:08:03,062 - Bean 'org.springframework.cloud.autoconfigure.ConfigurationPropertiesRebinderAutoConfiguration' of type [org.springframework.cloud.autoconfigure.ConfigurationPropertiesRebinderAutoConfiguration$$EnhancerBySpringCGLIB$$361dce10] is not eligible for getting processed by all BeanPostProcessors (for example: not eligible for auto-proxying)
2020-05-25 11:08:03,687 - Fetching config from server at : http://localhost:8888
2020-05-25 11:08:05,874 - Connect Timeout Exception on Url - http://localhost:8888. Will be trying the next url if available
2020-05-25 11:08:05,874 - Could not locate PropertySource: I/O error on GET request for "http://localhost:8888/Apigateway/default": Connection refused: connect; nested exception is java.net.ConnectException: Connection refused: connect
2020-05-25 11:08:05,874 - No active profile set, falling back to default profiles: default
2020-05-25 11:08:07,763 - Endpoint ID 'service-registry' contains invalid characters, please migrate to a valid format.
2020-05-25 11:08:07,794 - Endpoint ID 'hystrix.stream' contains invalid characters, please migrate to a valid format.
2020-05-25 11:08:09,044 - BeanFactory id=76d31cbd-b051-3dd9-bfe1-ff7ade2ba3fc
2020-05-25 11:08:11,262 - Bean 'org.springframework.cloud.autoconfigure.ConfigurationPropertiesRebinderAutoConfiguration' of type [org.springframework.cloud.autoconfigure.ConfigurationPropertiesRebinderAutoConfiguration$$EnhancerBySpringCGLIB$$361dce10] is not eligible for getting processed by all BeanPostProcessors (for example: not eligible for auto-proxying)
2020-05-25 11:08:11,543 - No URLs will be polled as dynamic configuration sources.
2020-05-25 11:08:11,543 - To enable URLs as dynamic configuration sources, define System property archaius.configurationSource.additionalUrls or make config.properties available on classpath.
2020-05-25 11:08:11,621 - DynamicPropertyFactory is initialized with configuration sources: com.netflix.config.ConcurrentCompositeConfiguration@7b61bf11
2020-05-25 11:08:12,199 - No URLs will be polled as dynamic configuration sources.
2020-05-25 11:08:12,199 - To enable URLs as dynamic configuration sources, define System property archaius.configurationSource.additionalUrls or make config.properties available on classpath.
2020-05-25 11:08:16,370 - Initializing ExecutorService 'applicationTaskExecutor'
2020-05-25 11:08:25,288 - 

Using generated security password: c0bd0c04-fb53-49f4-8ef7-02c51cae5e17

2020-05-25 11:08:28,131 - Creating filter chain: any request, [org.springframework.security.web.context.request.async.WebAsyncManagerIntegrationFilter@b022551, org.springframework.security.web.context.SecurityContextPersistenceFilter@3a4a5f3c, org.springframework.security.web.header.HeaderWriterFilter@581c9bb7, org.springframework.web.filter.CorsFilter@3e14d390, org.springframework.security.web.authentication.logout.LogoutFilter@353c6da1, org.springframework.security.web.savedrequest.RequestCacheAwareFilter@4aaecabd, org.springframework.security.web.servletapi.SecurityContextHolderAwareRequestFilter@3820cfe, org.springframework.security.web.authentication.AnonymousAuthenticationFilter@5eb87338, org.springframework.security.web.session.SessionManagementFilter@1c5d3a37, org.springframework.security.web.access.ExceptionTranslationFilter@2b6fb197]
2020-05-25 11:08:32,996 - Starting filter initializer
2020-05-25 11:08:33,058 - Exposing 2 endpoint(s) beneath base path '/actuator'
2020-05-25 11:08:33,137 - Setting initial instance status as: STARTING
2020-05-25 11:08:33,605 - Initializing Eureka in region us-east-1
2020-05-25 11:08:33,730 - Using JSON encoding codec LegacyJacksonJson
2020-05-25 11:08:33,730 - Using JSON decoding codec LegacyJacksonJson
2020-05-25 11:08:33,902 - Using XML encoding codec XStreamXml
2020-05-25 11:08:33,902 - Using XML decoding codec XStreamXml
2020-05-25 11:08:34,292 - Resolving eureka endpoints via configuration
2020-05-25 11:08:35,027 - Disable delta property : false
2020-05-25 11:08:35,032 - Single vip registry refresh property : null
2020-05-25 11:08:35,032 - Force full registry fetch : false
2020-05-25 11:08:35,032 - Application is null : false
2020-05-25 11:08:35,032 - Registered Applications size is zero : true
2020-05-25 11:08:35,032 - Application version is -1: true
2020-05-25 11:08:35,032 - Getting all instance registry info from the eureka server
2020-05-25 11:08:39,233 - Request execution failed with message: java.net.ConnectException: Connection refused: connect
2020-05-25 11:08:39,233 - Using default backup registry implementation which does not do anything.
2020-05-25 11:08:39,233 - Starting heartbeat executor: renew interval is: 30
2020-05-25 11:08:39,233 - InstanceInfoReplicator onDemand update allowed rate per min is 4
2020-05-25 11:08:39,233 - Discovery Client initialized at timestamp 1590376119233 with initial instances count: 0
2020-05-25 11:08:39,249 - Started ApigatewayApplicationTests in 38.483 seconds (JVM running for 40.239)
2020-05-25 11:08:39,780 - Flipping property: user-service.ribbon.ActiveConnectionsLimit to use NEXT property: niws.loadbalancer.availabilityFilteringRule.activeConnectionsLimit = 2147483647
2020-05-25 11:08:40,108 - Shutdown hook installed for: NFLoadBalancer-PingTimer-user-service
2020-05-25 11:08:40,108 - Client: user-service instantiated a LoadBalancer: DynamicServerListLoadBalancer:{NFLoadBalancer:name=user-service,current list of Servers=[],Load balancer stats=Zone stats: {},Server stats: []}ServerList:null
2020-05-25 11:08:40,139 - Using serverListUpdater PollingServerListUpdater
2020-05-25 11:08:40,139 - DynamicServerListLoadBalancer for client user-service initialized: DynamicServerListLoadBalancer:{NFLoadBalancer:name=user-service,current list of Servers=[],Load balancer stats=Zone stats: {},Server stats: []}ServerList:org.springframework.cloud.netflix.ribbon.eureka.DomainExtractingServerList@7be3abaa
2020-05-25 11:08:40,217 - Shutting down the Executor Pool for PollingServerListUpdater
2020-05-25 11:08:40,217 - Unregistering application APIGATEWAY with eureka with status DOWN
2020-05-25 11:08:40,217 - Saw local status change event StatusChangeEvent [timestamp=1590376120217, current=DOWN, previous=STARTING]
2020-05-25 11:08:40,217 - Stopping filter initializer
2020-05-25 11:08:40,217 - DiscoveryClient_APIGATEWAY/DESKTOP-C4O8VBT:Apigateway:-1: registering service...
2020-05-25 11:08:40,233 - Shutdown hook removed for: NFLoadBalancer-PingTimer-user-service
2020-05-25 11:08:40,248 - Exception caught (might be ok if at shutdown)
java.lang.IllegalStateException: Shutdown in progress
	at java.lang.ApplicationShutdownHooks.remove(ApplicationShutdownHooks.java:82)
	at java.lang.Runtime.removeShutdownHook(Runtime.java:239)
	at com.netflix.util.concurrent.ShutdownEnabledTimer.cancel(ShutdownEnabledTimer.java:70)
	at com.netflix.loadbalancer.BaseLoadBalancer.cancelPingTask(BaseLoadBalancer.java:632)
	at com.netflix.loadbalancer.BaseLoadBalancer.shutdown(BaseLoadBalancer.java:883)
	at com.netflix.loadbalancer.DynamicServerListLoadBalancer.shutdown(DynamicServerListLoadBalancer.java:285)
	at sun.reflect.NativeMethodAccessorImpl.invoke0(Native Method)
	at sun.reflect.NativeMethodAccessorImpl.invoke(NativeMethodAccessorImpl.java:62)
	at sun.reflect.DelegatingMethodAccessorImpl.invoke(DelegatingMethodAccessorImpl.java:43)
	at java.lang.reflect.Method.invoke(Method.java:498)
	at org.springframework.beans.factory.support.DisposableBeanAdapter.invokeCustomDestroyMethod(DisposableBeanAdapter.java:339)
	at org.springframework.beans.factory.support.DisposableBeanAdapter.destroy(DisposableBeanAdapter.java:273)
	at org.springframework.beans.factory.support.DefaultSingletonBeanRegistry.destroyBean(DefaultSingletonBeanRegistry.java:571)
	at org.springframework.beans.factory.support.DefaultSingletonBeanRegistry.destroySingleton(DefaultSingletonBeanRegistry.java:543)
	at org.springframework.beans.factory.support.DefaultListableBeanFactory.destroySingleton(DefaultListableBeanFactory.java:1040)
	at org.springframework.beans.factory.support.DefaultSingletonBeanRegistry.destroySingletons(DefaultSingletonBeanRegistry.java:504)
	at org.springframework.beans.factory.support.DefaultListableBeanFactory.destroySingletons(DefaultListableBeanFactory.java:1033)
	at org.springframework.context.support.AbstractApplicationContext.destroyBeans(AbstractApplicationContext.java:1057)
	at org.springframework.context.support.AbstractApplicationContext.doClose(AbstractApplicationContext.java:1026)
	at org.springframework.context.support.AbstractApplicationContext.close(AbstractApplicationContext.java:975)
	at org.springframework.cloud.context.named.NamedContextFactory.destroy(NamedContextFactory.java:92)
	at org.springframework.beans.factory.support.DisposableBeanAdapter.destroy(DisposableBeanAdapter.java:258)
	at org.springframework.beans.factory.support.DefaultSingletonBeanRegistry.destroyBean(DefaultSingletonBeanRegistry.java:571)
	at org.springframework.beans.factory.support.DefaultSingletonBeanRegistry.destroySingleton(DefaultSingletonBeanRegistry.java:543)
	at org.springframework.beans.factory.support.DefaultListableBeanFactory.destroySingleton(DefaultListableBeanFactory.java:1040)
	at org.springframework.beans.factory.support.DefaultSingletonBeanRegistry.destroySingletons(DefaultSingletonBeanRegistry.java:504)
	at org.springframework.beans.factory.support.DefaultListableBeanFactory.destroySingletons(DefaultListableBeanFactory.java:1033)
	at org.springframework.context.support.AbstractApplicationContext.destroyBeans(AbstractApplicationContext.java:1057)
	at org.springframework.context.support.AbstractApplicationContext.doClose(AbstractApplicationContext.java:1026)
	at org.springframework.context.support.AbstractApplicationContext$1.run(AbstractApplicationContext.java:945)
2020-05-25 11:08:40,248 - Shutting down ExecutorService 'applicationTaskExecutor'
2020-05-25 11:08:40,264 - Shutting down DiscoveryClient ...
2020-05-25 11:08:43,279 - Unregistering ...
2020-05-25 11:08:44,373 - Request execution failed with message: java.net.ConnectException: Connection refused: connect
2020-05-25 11:08:44,373 - DiscoveryClient_APIGATEWAY/DESKTOP-C4O8VBT:Apigateway:-1 - registration failed Cannot execute request on any known server
com.netflix.discovery.shared.transport.TransportException: Cannot execute request on any known server
	at com.netflix.discovery.shared.transport.decorator.RetryableEurekaHttpClient.execute(RetryableEurekaHttpClient.java:112)
	at com.netflix.discovery.shared.transport.decorator.EurekaHttpClientDecorator.register(EurekaHttpClientDecorator.java:56)
	at com.netflix.discovery.shared.transport.decorator.EurekaHttpClientDecorator$1.execute(EurekaHttpClientDecorator.java:59)
	at com.netflix.discovery.shared.transport.decorator.SessionedEurekaHttpClient.execute(SessionedEurekaHttpClient.java:77)
	at com.netflix.discovery.shared.transport.decorator.EurekaHttpClientDecorator.register(EurekaHttpClientDecorator.java:56)
	at com.netflix.discovery.DiscoveryClient.register(DiscoveryClient.java:847)
	at com.netflix.discovery.InstanceInfoReplicator.run(InstanceInfoReplicator.java:121)
	at com.netflix.discovery.InstanceInfoReplicator$1.run(InstanceInfoReplicator.java:101)
	at java.util.concurrent.Executors$RunnableAdapter.call(Executors.java:511)
	at java.util.concurrent.FutureTask.run(FutureTask.java:266)
	at java.util.concurrent.ScheduledThreadPoolExecutor$ScheduledFutureTask.access$201(ScheduledThreadPoolExecutor.java:180)
	at java.util.concurrent.ScheduledThreadPoolExecutor$ScheduledFutureTask.run(ScheduledThreadPoolExecutor.java:293)
	at java.util.concurrent.ThreadPoolExecutor.runWorker(ThreadPoolExecutor.java:1149)
	at java.util.concurrent.ThreadPoolExecutor$Worker.run(ThreadPoolExecutor.java:624)
	at java.lang.Thread.run(Thread.java:748)
2020-05-25 11:08:44,373 - There was a problem with the instance info replicator
com.netflix.discovery.shared.transport.TransportException: Cannot execute request on any known server
	at com.netflix.discovery.shared.transport.decorator.RetryableEurekaHttpClient.execute(RetryableEurekaHttpClient.java:112)
	at com.netflix.discovery.shared.transport.decorator.EurekaHttpClientDecorator.register(EurekaHttpClientDecorator.java:56)
	at com.netflix.discovery.shared.transport.decorator.EurekaHttpClientDecorator$1.execute(EurekaHttpClientDecorator.java:59)
	at com.netflix.discovery.shared.transport.decorator.SessionedEurekaHttpClient.execute(SessionedEurekaHttpClient.java:77)
	at com.netflix.discovery.shared.transport.decorator.EurekaHttpClientDecorator.register(EurekaHttpClientDecorator.java:56)
	at com.netflix.discovery.DiscoveryClient.register(DiscoveryClient.java:847)
	at com.netflix.discovery.InstanceInfoReplicator.run(InstanceInfoReplicator.java:121)
	at com.netflix.discovery.InstanceInfoReplicator$1.run(InstanceInfoReplicator.java:101)
	at java.util.concurrent.Executors$RunnableAdapter.call(Executors.java:511)
	at java.util.concurrent.FutureTask.run(FutureTask.java:266)
	at java.util.concurrent.ScheduledThreadPoolExecutor$ScheduledFutureTask.access$201(ScheduledThreadPoolExecutor.java:180)
	at java.util.concurrent.ScheduledThreadPoolExecutor$ScheduledFutureTask.run(ScheduledThreadPoolExecutor.java:293)
	at java.util.concurrent.ThreadPoolExecutor.runWorker(ThreadPoolExecutor.java:1149)
	at java.util.concurrent.ThreadPoolExecutor$Worker.run(ThreadPoolExecutor.java:624)
	at java.lang.Thread.run(Thread.java:748)
2020-05-25 11:08:47,407 - Request execution failed with message: java.net.ConnectException: Connection refused: connect
2020-05-25 11:08:47,407 - Completed shut down of DiscoveryClient
