2020-05-20 15:38:31,970 - Bean 'org.springframework.cloud.autoconfigure.ConfigurationPropertiesRebinderAutoConfiguration' of type [org.springframework.cloud.autoconfigure.ConfigurationPropertiesRebinderAutoConfiguration$$EnhancerBySpringCGLIB$$361dce10] is not eligible for getting processed by all BeanPostProcessors (for example: not eligible for auto-proxying)
2020-05-20 15:38:32,970 - Fetching config from server at : http://localhost:8888
2020-05-20 15:38:35,813 - Connect Timeout Exception on Url - http://localhost:8888. Will be trying the next url if available
2020-05-20 15:38:35,813 - Could not locate PropertySource: I/O error on GET request for "http://localhost:8888/Apigateway/default": Connection refused: connect; nested exception is java.net.ConnectException: Connection refused: connect
2020-05-20 15:38:35,860 - No active profile set, falling back to default profiles: default
2020-05-20 15:38:38,502 - Endpoint ID 'service-registry' contains invalid characters, please migrate to a valid format.
2020-05-20 15:38:38,657 - Endpoint ID 'hystrix.stream' contains invalid characters, please migrate to a valid format.
2020-05-20 15:38:39,574 - BeanFactory id=76d31cbd-b051-3dd9-bfe1-ff7ade2ba3fc
2020-05-20 15:38:40,250 - Bean 'org.springframework.cloud.autoconfigure.ConfigurationPropertiesRebinderAutoConfiguration' of type [org.springframework.cloud.autoconfigure.ConfigurationPropertiesRebinderAutoConfiguration$$EnhancerBySpringCGLIB$$361dce10] is not eligible for getting processed by all BeanPostProcessors (for example: not eligible for auto-proxying)
2020-05-20 15:38:40,673 - No URLs will be polled as dynamic configuration sources.
2020-05-20 15:38:40,673 - To enable URLs as dynamic configuration sources, define System property archaius.configurationSource.additionalUrls or make config.properties available on classpath.
2020-05-20 15:38:40,735 - DynamicPropertyFactory is initialized with configuration sources: com.netflix.config.ConcurrentCompositeConfiguration@21263314
2020-05-20 15:38:41,595 - No URLs will be polled as dynamic configuration sources.
2020-05-20 15:38:41,595 - To enable URLs as dynamic configuration sources, define System property archaius.configurationSource.additionalUrls or make config.properties available on classpath.
2020-05-20 15:38:42,073 - Initializing ExecutorService 'applicationTaskExecutor'
2020-05-20 15:38:44,689 - 

Using generated security password: 04bf0206-0153-4631-a754-4fdb70afd15e

2020-05-20 15:38:45,033 - Creating filter chain: any request, [org.springframework.security.web.context.request.async.WebAsyncManagerIntegrationFilter@5d850a25, org.springframework.security.web.context.SecurityContextPersistenceFilter@2b43f314, org.springframework.security.web.header.HeaderWriterFilter@55361f03, org.springframework.web.filter.CorsFilter@b022551, org.springframework.security.web.authentication.logout.LogoutFilter@7739aac4, org.springframework.security.web.savedrequest.RequestCacheAwareFilter@5fb3111a, org.springframework.security.web.servletapi.SecurityContextHolderAwareRequestFilter@26da1ba2, org.springframework.security.web.authentication.AnonymousAuthenticationFilter@3e14d390, org.springframework.security.web.session.SessionManagementFilter@28d739f1, org.springframework.security.web.access.ExceptionTranslationFilter@4eeab3e]
2020-05-20 15:38:46,438 - Starting filter initializer
2020-05-20 15:38:46,500 - Exposing 2 endpoint(s) beneath base path '/actuator'
2020-05-20 15:38:46,579 - Setting initial instance status as: STARTING
2020-05-20 15:38:46,673 - Initializing Eureka in region us-east-1
2020-05-20 15:38:46,876 - Using JSON encoding codec LegacyJacksonJson
2020-05-20 15:38:46,876 - Using JSON decoding codec LegacyJacksonJson
2020-05-20 15:38:47,251 - Using XML encoding codec XStreamXml
2020-05-20 15:38:47,251 - Using XML decoding codec XStreamXml
2020-05-20 15:38:47,579 - Resolving eureka endpoints via configuration
2020-05-20 15:38:48,078 - Disable delta property : false
2020-05-20 15:38:48,079 - Single vip registry refresh property : null
2020-05-20 15:38:48,079 - Force full registry fetch : false
2020-05-20 15:38:48,079 - Application is null : false
2020-05-20 15:38:48,079 - Registered Applications size is zero : true
2020-05-20 15:38:48,079 - Application version is -1: true
2020-05-20 15:38:48,079 - Getting all instance registry info from the eureka server
2020-05-20 15:38:52,329 - Request execution failed with message: java.net.ConnectException: Connection refused: connect
2020-05-20 15:38:52,329 - Using default backup registry implementation which does not do anything.
2020-05-20 15:38:52,344 - Starting heartbeat executor: renew interval is: 30
2020-05-20 15:38:52,344 - InstanceInfoReplicator onDemand update allowed rate per min is 4
2020-05-20 15:38:52,344 - Discovery Client initialized at timestamp 1589960332344 with initial instances count: 0
2020-05-20 15:38:52,360 - Started ApigatewayApplicationTests in 26.86 seconds (JVM running for 30.679)
2020-05-20 15:38:52,829 - Flipping property: user-service.ribbon.ActiveConnectionsLimit to use NEXT property: niws.loadbalancer.availabilityFilteringRule.activeConnectionsLimit = 2147483647
2020-05-20 15:38:53,142 - Shutdown hook installed for: NFLoadBalancer-PingTimer-user-service
2020-05-20 15:38:53,142 - Client: user-service instantiated a LoadBalancer: DynamicServerListLoadBalancer:{NFLoadBalancer:name=user-service,current list of Servers=[],Load balancer stats=Zone stats: {},Server stats: []}ServerList:null
2020-05-20 15:38:53,204 - Using serverListUpdater PollingServerListUpdater
2020-05-20 15:38:53,204 - DynamicServerListLoadBalancer for client user-service initialized: DynamicServerListLoadBalancer:{NFLoadBalancer:name=user-service,current list of Servers=[],Load balancer stats=Zone stats: {},Server stats: []}ServerList:org.springframework.cloud.netflix.ribbon.eureka.DomainExtractingServerList@3dded90a
2020-05-20 15:38:53,392 - Shutting down the Executor Pool for PollingServerListUpdater
2020-05-20 15:38:53,423 - Unregistering application APIGATEWAY with eureka with status DOWN
2020-05-20 15:38:53,423 - Saw local status change event StatusChangeEvent [timestamp=1589960333423, current=DOWN, previous=STARTING]
2020-05-20 15:38:53,423 - DiscoveryClient_APIGATEWAY/DESKTOP-C4O8VBT:Apigateway:-1: registering service...
2020-05-20 15:38:53,423 - Stopping filter initializer
2020-05-20 15:38:53,470 - Shutdown hook removed for: NFLoadBalancer-PingTimer-user-service
2020-05-20 15:38:53,470 - Exception caught (might be ok if at shutdown)
java.lang.IllegalStateException: Shutdown in progress
	at java.lang.ApplicationShutdownHooks.remove(ApplicationShutdownHooks.java:82)
	at java.lang.Runtime.removeShutdownHook(Runtime.java:239)
	at com.netflix.util.concurrent.ShutdownEnabledTimer.cancel(ShutdownEnabledTimer.java:70)
	at com.netflix.loadbalancer.BaseLoadBalancer.cancelPingTask(BaseLoadBalancer.java:632)
	at com.netflix.loadbalancer.BaseLoadBalancer.shutdown(BaseLoadBalancer.java:883)
	at com.netflix.loadbalancer.DynamicServerListLoadBalancer.shutdown(DynamicServerListLoadBalancer.java:285)
	at sun.reflect.NativeMethodAccessorImpl.invoke0(Native Method)
	at sun.reflect.NativeMethodAccessorImpl.invoke(NativeMethodAccessorImpl.java:62)
	at sun.reflect.DelegatingMethodAccessorImpl.invoke(DelegatingMethodAccessorImpl.java:43)
	at java.lang.reflect.Method.invoke(Method.java:498)
	at org.springframework.beans.factory.support.DisposableBeanAdapter.invokeCustomDestroyMethod(DisposableBeanAdapter.java:339)
	at org.springframework.beans.factory.support.DisposableBeanAdapter.destroy(DisposableBeanAdapter.java:273)
	at org.springframework.beans.factory.support.DefaultSingletonBeanRegistry.destroyBean(DefaultSingletonBeanRegistry.java:571)
	at org.springframework.beans.factory.support.DefaultSingletonBeanRegistry.destroySingleton(DefaultSingletonBeanRegistry.java:543)
	at org.springframework.beans.factory.support.DefaultListableBeanFactory.destroySingleton(DefaultListableBeanFactory.java:1040)
	at org.springframework.beans.factory.support.DefaultSingletonBeanRegistry.destroySingletons(DefaultSingletonBeanRegistry.java:504)
	at org.springframework.beans.factory.support.DefaultListableBeanFactory.destroySingletons(DefaultListableBeanFactory.java:1033)
	at org.springframework.context.support.AbstractApplicationContext.destroyBeans(AbstractApplicationContext.java:1057)
	at org.springframework.context.support.AbstractApplicationContext.doClose(AbstractApplicationContext.java:1026)
	at org.springframework.context.support.AbstractApplicationContext.close(AbstractApplicationContext.java:975)
	at org.springframework.cloud.context.named.NamedContextFactory.destroy(NamedContextFactory.java:92)
	at org.springframework.beans.factory.support.DisposableBeanAdapter.destroy(DisposableBeanAdapter.java:258)
	at org.springframework.beans.factory.support.DefaultSingletonBeanRegistry.destroyBean(DefaultSingletonBeanRegistry.java:571)
	at org.springframework.beans.factory.support.DefaultSingletonBeanRegistry.destroySingleton(DefaultSingletonBeanRegistry.java:543)
	at org.springframework.beans.factory.support.DefaultListableBeanFactory.destroySingleton(DefaultListableBeanFactory.java:1040)
	at org.springframework.beans.factory.support.DefaultSingletonBeanRegistry.destroySingletons(DefaultSingletonBeanRegistry.java:504)
	at org.springframework.beans.factory.support.DefaultListableBeanFactory.destroySingletons(DefaultListableBeanFactory.java:1033)
	at org.springframework.context.support.AbstractApplicationContext.destroyBeans(AbstractApplicationContext.java:1057)
	at org.springframework.context.support.AbstractApplicationContext.doClose(AbstractApplicationContext.java:1026)
	at org.springframework.context.support.AbstractApplicationContext$1.run(AbstractApplicationContext.java:945)
2020-05-20 15:38:53,470 - Shutting down ExecutorService 'applicationTaskExecutor'
2020-05-20 15:38:53,610 - Shutting down DiscoveryClient ...
2020-05-20 15:38:56,626 - Unregistering ...
2020-05-20 15:38:57,518 - Request execution failed with message: java.net.ConnectException: Connection refused: connect
2020-05-20 15:38:57,518 - DiscoveryClient_APIGATEWAY/DESKTOP-C4O8VBT:Apigateway:-1 - registration failed Cannot execute request on any known server
com.netflix.discovery.shared.transport.TransportException: Cannot execute request on any known server
	at com.netflix.discovery.shared.transport.decorator.RetryableEurekaHttpClient.execute(RetryableEurekaHttpClient.java:112)
	at com.netflix.discovery.shared.transport.decorator.EurekaHttpClientDecorator.register(EurekaHttpClientDecorator.java:56)
	at com.netflix.discovery.shared.transport.decorator.EurekaHttpClientDecorator$1.execute(EurekaHttpClientDecorator.java:59)
	at com.netflix.discovery.shared.transport.decorator.SessionedEurekaHttpClient.execute(SessionedEurekaHttpClient.java:77)
	at com.netflix.discovery.shared.transport.decorator.EurekaHttpClientDecorator.register(EurekaHttpClientDecorator.java:56)
	at com.netflix.discovery.DiscoveryClient.register(DiscoveryClient.java:847)
	at com.netflix.discovery.InstanceInfoReplicator.run(InstanceInfoReplicator.java:121)
	at com.netflix.discovery.InstanceInfoReplicator$1.run(InstanceInfoReplicator.java:101)
	at java.util.concurrent.Executors$RunnableAdapter.call(Executors.java:511)
	at java.util.concurrent.FutureTask.run(FutureTask.java:266)
	at java.util.concurrent.ScheduledThreadPoolExecutor$ScheduledFutureTask.access$201(ScheduledThreadPoolExecutor.java:180)
	at java.util.concurrent.ScheduledThreadPoolExecutor$ScheduledFutureTask.run(ScheduledThreadPoolExecutor.java:293)
	at java.util.concurrent.ThreadPoolExecutor.runWorker(ThreadPoolExecutor.java:1149)
	at java.util.concurrent.ThreadPoolExecutor$Worker.run(ThreadPoolExecutor.java:624)
	at java.lang.Thread.run(Thread.java:748)
2020-05-20 15:38:57,518 - There was a problem with the instance info replicator
com.netflix.discovery.shared.transport.TransportException: Cannot execute request on any known server
	at com.netflix.discovery.shared.transport.decorator.RetryableEurekaHttpClient.execute(RetryableEurekaHttpClient.java:112)
	at com.netflix.discovery.shared.transport.decorator.EurekaHttpClientDecorator.register(EurekaHttpClientDecorator.java:56)
	at com.netflix.discovery.shared.transport.decorator.EurekaHttpClientDecorator$1.execute(EurekaHttpClientDecorator.java:59)
	at com.netflix.discovery.shared.transport.decorator.SessionedEurekaHttpClient.execute(SessionedEurekaHttpClient.java:77)
	at com.netflix.discovery.shared.transport.decorator.EurekaHttpClientDecorator.register(EurekaHttpClientDecorator.java:56)
	at com.netflix.discovery.DiscoveryClient.register(DiscoveryClient.java:847)
	at com.netflix.discovery.InstanceInfoReplicator.run(InstanceInfoReplicator.java:121)
	at com.netflix.discovery.InstanceInfoReplicator$1.run(InstanceInfoReplicator.java:101)
	at java.util.concurrent.Executors$RunnableAdapter.call(Executors.java:511)
	at java.util.concurrent.FutureTask.run(FutureTask.java:266)
	at java.util.concurrent.ScheduledThreadPoolExecutor$ScheduledFutureTask.access$201(ScheduledThreadPoolExecutor.java:180)
	at java.util.concurrent.ScheduledThreadPoolExecutor$ScheduledFutureTask.run(ScheduledThreadPoolExecutor.java:293)
	at java.util.concurrent.ThreadPoolExecutor.runWorker(ThreadPoolExecutor.java:1149)
	at java.util.concurrent.ThreadPoolExecutor$Worker.run(ThreadPoolExecutor.java:624)
	at java.lang.Thread.run(Thread.java:748)
2020-05-20 15:39:00,689 - Request execution failed with message: java.net.ConnectException: Connection refused: connect
2020-05-20 15:39:00,689 - Completed shut down of DiscoveryClient
2020-05-20 15:52:07,876 - Bean 'org.springframework.cloud.autoconfigure.ConfigurationPropertiesRebinderAutoConfiguration' of type [org.springframework.cloud.autoconfigure.ConfigurationPropertiesRebinderAutoConfiguration$$EnhancerBySpringCGLIB$$361dce10] is not eligible for getting processed by all BeanPostProcessors (for example: not eligible for auto-proxying)
2020-05-20 15:52:08,392 - Fetching config from server at : http://localhost:8888
2020-05-20 15:52:10,626 - Connect Timeout Exception on Url - http://localhost:8888. Will be trying the next url if available
2020-05-20 15:52:10,626 - Could not locate PropertySource: I/O error on GET request for "http://localhost:8888/Apigateway/default": Connection refused: connect; nested exception is java.net.ConnectException: Connection refused: connect
2020-05-20 15:52:10,673 - No active profile set, falling back to default profiles: default
2020-05-20 15:52:12,251 - Endpoint ID 'service-registry' contains invalid characters, please migrate to a valid format.
2020-05-20 15:52:12,267 - Endpoint ID 'hystrix.stream' contains invalid characters, please migrate to a valid format.
2020-05-20 15:52:12,610 - BeanFactory id=76d31cbd-b051-3dd9-bfe1-ff7ade2ba3fc
2020-05-20 15:52:13,096 - Bean 'org.springframework.cloud.autoconfigure.ConfigurationPropertiesRebinderAutoConfiguration' of type [org.springframework.cloud.autoconfigure.ConfigurationPropertiesRebinderAutoConfiguration$$EnhancerBySpringCGLIB$$361dce10] is not eligible for getting processed by all BeanPostProcessors (for example: not eligible for auto-proxying)
2020-05-20 15:52:13,471 - No URLs will be polled as dynamic configuration sources.
2020-05-20 15:52:13,471 - To enable URLs as dynamic configuration sources, define System property archaius.configurationSource.additionalUrls or make config.properties available on classpath.
2020-05-20 15:52:13,518 - DynamicPropertyFactory is initialized with configuration sources: com.netflix.config.ConcurrentCompositeConfiguration@21263314
2020-05-20 15:52:13,971 - No URLs will be polled as dynamic configuration sources.
2020-05-20 15:52:13,971 - To enable URLs as dynamic configuration sources, define System property archaius.configurationSource.additionalUrls or make config.properties available on classpath.
2020-05-20 15:52:14,266 - Initializing ExecutorService 'applicationTaskExecutor'
2020-05-20 15:52:17,111 - 

Using generated security password: e45dfa8a-2347-45c9-852f-c2dfff3888a8

2020-05-20 15:52:17,330 - Creating filter chain: any request, [org.springframework.security.web.context.request.async.WebAsyncManagerIntegrationFilter@b022551, org.springframework.security.web.context.SecurityContextPersistenceFilter@3a4a5f3c, org.springframework.security.web.header.HeaderWriterFilter@581c9bb7, org.springframework.web.filter.CorsFilter@3e14d390, org.springframework.security.web.authentication.logout.LogoutFilter@353c6da1, org.springframework.security.web.savedrequest.RequestCacheAwareFilter@4aaecabd, org.springframework.security.web.servletapi.SecurityContextHolderAwareRequestFilter@3820cfe, org.springframework.security.web.authentication.AnonymousAuthenticationFilter@5eb87338, org.springframework.security.web.session.SessionManagementFilter@1c5d3a37, org.springframework.security.web.access.ExceptionTranslationFilter@2b6fb197]
2020-05-20 15:52:18,532 - Starting filter initializer
2020-05-20 15:52:18,579 - Exposing 2 endpoint(s) beneath base path '/actuator'
2020-05-20 15:52:18,641 - Setting initial instance status as: STARTING
2020-05-20 15:52:18,719 - Initializing Eureka in region us-east-1
2020-05-20 15:52:18,829 - Using JSON encoding codec LegacyJacksonJson
2020-05-20 15:52:18,829 - Using JSON decoding codec LegacyJacksonJson
2020-05-20 15:52:19,047 - Using XML encoding codec XStreamXml
2020-05-20 15:52:19,047 - Using XML decoding codec XStreamXml
2020-05-20 15:52:19,235 - Resolving eureka endpoints via configuration
2020-05-20 15:52:19,516 - Disable delta property : false
2020-05-20 15:52:19,516 - Single vip registry refresh property : null
2020-05-20 15:52:19,516 - Force full registry fetch : false
2020-05-20 15:52:19,516 - Application is null : false
2020-05-20 15:52:19,516 - Registered Applications size is zero : true
2020-05-20 15:52:19,516 - Application version is -1: true
2020-05-20 15:52:19,516 - Getting all instance registry info from the eureka server
2020-05-20 15:52:23,720 - Request execution failed with message: java.net.ConnectException: Connection refused: connect
2020-05-20 15:52:23,720 - Using default backup registry implementation which does not do anything.
2020-05-20 15:52:23,720 - Starting heartbeat executor: renew interval is: 30
2020-05-20 15:52:23,720 - InstanceInfoReplicator onDemand update allowed rate per min is 4
2020-05-20 15:52:23,720 - Discovery Client initialized at timestamp 1589961143720 with initial instances count: 0
2020-05-20 15:52:23,735 - Started ApigatewayApplicationTests in 19.015 seconds (JVM running for 20.67)
2020-05-20 15:52:24,001 - Flipping property: user-service.ribbon.ActiveConnectionsLimit to use NEXT property: niws.loadbalancer.availabilityFilteringRule.activeConnectionsLimit = 2147483647
2020-05-20 15:52:24,077 - Shutdown hook installed for: NFLoadBalancer-PingTimer-user-service
2020-05-20 15:52:24,078 - Client: user-service instantiated a LoadBalancer: DynamicServerListLoadBalancer:{NFLoadBalancer:name=user-service,current list of Servers=[],Load balancer stats=Zone stats: {},Server stats: []}ServerList:null
2020-05-20 15:52:24,079 - Using serverListUpdater PollingServerListUpdater
2020-05-20 15:52:24,079 - DynamicServerListLoadBalancer for client user-service initialized: DynamicServerListLoadBalancer:{NFLoadBalancer:name=user-service,current list of Servers=[],Load balancer stats=Zone stats: {},Server stats: []}ServerList:org.springframework.cloud.netflix.ribbon.eureka.DomainExtractingServerList@65262308
2020-05-20 15:52:24,157 - Shutting down the Executor Pool for PollingServerListUpdater
2020-05-20 15:52:24,157 - Unregistering application APIGATEWAY with eureka with status DOWN
2020-05-20 15:52:24,157 - Saw local status change event StatusChangeEvent [timestamp=1589961144157, current=DOWN, previous=STARTING]
2020-05-20 15:52:24,157 - DiscoveryClient_APIGATEWAY/DESKTOP-C4O8VBT:Apigateway:-1: registering service...
2020-05-20 15:52:24,157 - Stopping filter initializer
2020-05-20 15:52:24,157 - Shutdown hook removed for: NFLoadBalancer-PingTimer-user-service
2020-05-20 15:52:24,157 - Exception caught (might be ok if at shutdown)
java.lang.IllegalStateException: Shutdown in progress
	at java.lang.ApplicationShutdownHooks.remove(ApplicationShutdownHooks.java:82)
	at java.lang.Runtime.removeShutdownHook(Runtime.java:239)
	at com.netflix.util.concurrent.ShutdownEnabledTimer.cancel(ShutdownEnabledTimer.java:70)
	at com.netflix.loadbalancer.BaseLoadBalancer.cancelPingTask(BaseLoadBalancer.java:632)
	at com.netflix.loadbalancer.BaseLoadBalancer.shutdown(BaseLoadBalancer.java:883)
	at com.netflix.loadbalancer.DynamicServerListLoadBalancer.shutdown(DynamicServerListLoadBalancer.java:285)
	at sun.reflect.NativeMethodAccessorImpl.invoke0(Native Method)
	at sun.reflect.NativeMethodAccessorImpl.invoke(NativeMethodAccessorImpl.java:62)
	at sun.reflect.DelegatingMethodAccessorImpl.invoke(DelegatingMethodAccessorImpl.java:43)
	at java.lang.reflect.Method.invoke(Method.java:498)
	at org.springframework.beans.factory.support.DisposableBeanAdapter.invokeCustomDestroyMethod(DisposableBeanAdapter.java:339)
	at org.springframework.beans.factory.support.DisposableBeanAdapter.destroy(DisposableBeanAdapter.java:273)
	at org.springframework.beans.factory.support.DefaultSingletonBeanRegistry.destroyBean(DefaultSingletonBeanRegistry.java:571)
	at org.springframework.beans.factory.support.DefaultSingletonBeanRegistry.destroySingleton(DefaultSingletonBeanRegistry.java:543)
	at org.springframework.beans.factory.support.DefaultListableBeanFactory.destroySingleton(DefaultListableBeanFactory.java:1040)
	at org.springframework.beans.factory.support.DefaultSingletonBeanRegistry.destroySingletons(DefaultSingletonBeanRegistry.java:504)
	at org.springframework.beans.factory.support.DefaultListableBeanFactory.destroySingletons(DefaultListableBeanFactory.java:1033)
	at org.springframework.context.support.AbstractApplicationContext.destroyBeans(AbstractApplicationContext.java:1057)
	at org.springframework.context.support.AbstractApplicationContext.doClose(AbstractApplicationContext.java:1026)
	at org.springframework.context.support.AbstractApplicationContext.close(AbstractApplicationContext.java:975)
	at org.springframework.cloud.context.named.NamedContextFactory.destroy(NamedContextFactory.java:92)
	at org.springframework.beans.factory.support.DisposableBeanAdapter.destroy(DisposableBeanAdapter.java:258)
	at org.springframework.beans.factory.support.DefaultSingletonBeanRegistry.destroyBean(DefaultSingletonBeanRegistry.java:571)
	at org.springframework.beans.factory.support.DefaultSingletonBeanRegistry.destroySingleton(DefaultSingletonBeanRegistry.java:543)
	at org.springframework.beans.factory.support.DefaultListableBeanFactory.destroySingleton(DefaultListableBeanFactory.java:1040)
	at org.springframework.beans.factory.support.DefaultSingletonBeanRegistry.destroySingletons(DefaultSingletonBeanRegistry.java:504)
	at org.springframework.beans.factory.support.DefaultListableBeanFactory.destroySingletons(DefaultListableBeanFactory.java:1033)
	at org.springframework.context.support.AbstractApplicationContext.destroyBeans(AbstractApplicationContext.java:1057)
	at org.springframework.context.support.AbstractApplicationContext.doClose(AbstractApplicationContext.java:1026)
	at org.springframework.context.support.AbstractApplicationContext$1.run(AbstractApplicationContext.java:945)
2020-05-20 15:52:24,173 - Shutting down ExecutorService 'applicationTaskExecutor'
2020-05-20 15:52:24,220 - Shutting down DiscoveryClient ...
2020-05-20 15:52:27,237 - Unregistering ...
2020-05-20 15:52:28,252 - Request execution failed with message: java.net.ConnectException: Connection refused: connect
2020-05-20 15:52:28,252 - DiscoveryClient_APIGATEWAY/DESKTOP-C4O8VBT:Apigateway:-1 - registration failed Cannot execute request on any known server
com.netflix.discovery.shared.transport.TransportException: Cannot execute request on any known server
	at com.netflix.discovery.shared.transport.decorator.RetryableEurekaHttpClient.execute(RetryableEurekaHttpClient.java:112)
	at com.netflix.discovery.shared.transport.decorator.EurekaHttpClientDecorator.register(EurekaHttpClientDecorator.java:56)
	at com.netflix.discovery.shared.transport.decorator.EurekaHttpClientDecorator$1.execute(EurekaHttpClientDecorator.java:59)
	at com.netflix.discovery.shared.transport.decorator.SessionedEurekaHttpClient.execute(SessionedEurekaHttpClient.java:77)
	at com.netflix.discovery.shared.transport.decorator.EurekaHttpClientDecorator.register(EurekaHttpClientDecorator.java:56)
	at com.netflix.discovery.DiscoveryClient.register(DiscoveryClient.java:847)
	at com.netflix.discovery.InstanceInfoReplicator.run(InstanceInfoReplicator.java:121)
	at com.netflix.discovery.InstanceInfoReplicator$1.run(InstanceInfoReplicator.java:101)
	at java.util.concurrent.Executors$RunnableAdapter.call(Executors.java:511)
	at java.util.concurrent.FutureTask.run(FutureTask.java:266)
	at java.util.concurrent.ScheduledThreadPoolExecutor$ScheduledFutureTask.access$201(ScheduledThreadPoolExecutor.java:180)
	at java.util.concurrent.ScheduledThreadPoolExecutor$ScheduledFutureTask.run(ScheduledThreadPoolExecutor.java:293)
	at java.util.concurrent.ThreadPoolExecutor.runWorker(ThreadPoolExecutor.java:1149)
	at java.util.concurrent.ThreadPoolExecutor$Worker.run(ThreadPoolExecutor.java:624)
	at java.lang.Thread.run(Thread.java:748)
2020-05-20 15:52:28,252 - There was a problem with the instance info replicator
com.netflix.discovery.shared.transport.TransportException: Cannot execute request on any known server
	at com.netflix.discovery.shared.transport.decorator.RetryableEurekaHttpClient.execute(RetryableEurekaHttpClient.java:112)
	at com.netflix.discovery.shared.transport.decorator.EurekaHttpClientDecorator.register(EurekaHttpClientDecorator.java:56)
	at com.netflix.discovery.shared.transport.decorator.EurekaHttpClientDecorator$1.execute(EurekaHttpClientDecorator.java:59)
	at com.netflix.discovery.shared.transport.decorator.SessionedEurekaHttpClient.execute(SessionedEurekaHttpClient.java:77)
	at com.netflix.discovery.shared.transport.decorator.EurekaHttpClientDecorator.register(EurekaHttpClientDecorator.java:56)
	at com.netflix.discovery.DiscoveryClient.register(DiscoveryClient.java:847)
	at com.netflix.discovery.InstanceInfoReplicator.run(InstanceInfoReplicator.java:121)
	at com.netflix.discovery.InstanceInfoReplicator$1.run(InstanceInfoReplicator.java:101)
	at java.util.concurrent.Executors$RunnableAdapter.call(Executors.java:511)
	at java.util.concurrent.FutureTask.run(FutureTask.java:266)
	at java.util.concurrent.ScheduledThreadPoolExecutor$ScheduledFutureTask.access$201(ScheduledThreadPoolExecutor.java:180)
	at java.util.concurrent.ScheduledThreadPoolExecutor$ScheduledFutureTask.run(ScheduledThreadPoolExecutor.java:293)
	at java.util.concurrent.ThreadPoolExecutor.runWorker(ThreadPoolExecutor.java:1149)
	at java.util.concurrent.ThreadPoolExecutor$Worker.run(ThreadPoolExecutor.java:624)
	at java.lang.Thread.run(Thread.java:748)
2020-05-20 15:52:31,283 - Request execution failed with message: java.net.ConnectException: Connection refused: connect
2020-05-20 15:52:31,299 - Completed shut down of DiscoveryClient
2020-05-20 16:39:24,582 - Bean 'org.springframework.cloud.autoconfigure.ConfigurationPropertiesRebinderAutoConfiguration' of type [org.springframework.cloud.autoconfigure.ConfigurationPropertiesRebinderAutoConfiguration$$EnhancerBySpringCGLIB$$361dce10] is not eligible for getting processed by all BeanPostProcessors (for example: not eligible for auto-proxying)
2020-05-20 16:39:25,076 - Fetching config from server at : http://localhost:8888
2020-05-20 16:39:27,154 - Connect Timeout Exception on Url - http://localhost:8888. Will be trying the next url if available
2020-05-20 16:39:27,155 - Could not locate PropertySource: I/O error on GET request for "http://localhost:8888/Apigateway/default": Connection refused: connect; nested exception is java.net.ConnectException: Connection refused: connect
2020-05-20 16:39:27,162 - No active profile set, falling back to default profiles: default
2020-05-20 16:39:27,804 - Endpoint ID 'service-registry' contains invalid characters, please migrate to a valid format.
2020-05-20 16:39:27,815 - Endpoint ID 'hystrix.stream' contains invalid characters, please migrate to a valid format.
2020-05-20 16:39:28,117 - BeanFactory id=76d31cbd-b051-3dd9-bfe1-ff7ade2ba3fc
2020-05-20 16:39:28,359 - Bean 'org.springframework.cloud.autoconfigure.ConfigurationPropertiesRebinderAutoConfiguration' of type [org.springframework.cloud.autoconfigure.ConfigurationPropertiesRebinderAutoConfiguration$$EnhancerBySpringCGLIB$$361dce10] is not eligible for getting processed by all BeanPostProcessors (for example: not eligible for auto-proxying)
2020-05-20 16:39:28,596 - No URLs will be polled as dynamic configuration sources.
2020-05-20 16:39:28,597 - To enable URLs as dynamic configuration sources, define System property archaius.configurationSource.additionalUrls or make config.properties available on classpath.
2020-05-20 16:39:28,635 - DynamicPropertyFactory is initialized with configuration sources: com.netflix.config.ConcurrentCompositeConfiguration@7b61bf11
2020-05-20 16:39:28,912 - No URLs will be polled as dynamic configuration sources.
2020-05-20 16:39:28,912 - To enable URLs as dynamic configuration sources, define System property archaius.configurationSource.additionalUrls or make config.properties available on classpath.
2020-05-20 16:39:29,146 - Initializing ExecutorService 'applicationTaskExecutor'
2020-05-20 16:39:31,386 - 

Using generated security password: 2017efb5-775c-4a75-9a33-9d68c75cd5fa

2020-05-20 16:39:31,570 - Creating filter chain: any request, [org.springframework.security.web.context.request.async.WebAsyncManagerIntegrationFilter@6750e381, org.springframework.security.web.context.SecurityContextPersistenceFilter@7e3d2ebd, org.springframework.security.web.header.HeaderWriterFilter@7d59e968, org.springframework.web.filter.CorsFilter@5d850a25, org.springframework.security.web.authentication.logout.LogoutFilter@4602f874, org.springframework.security.web.savedrequest.RequestCacheAwareFilter@19b5214b, org.springframework.security.web.servletapi.SecurityContextHolderAwareRequestFilter@231b35fb, org.springframework.security.web.authentication.AnonymousAuthenticationFilter@b022551, org.springframework.security.web.session.SessionManagementFilter@4f235107, org.springframework.security.web.access.ExceptionTranslationFilter@130cfc47]
2020-05-20 16:39:32,579 - Starting filter initializer
2020-05-20 16:39:32,615 - Exposing 2 endpoint(s) beneath base path '/actuator'
2020-05-20 16:39:32,690 - Setting initial instance status as: STARTING
2020-05-20 16:39:32,780 - Initializing Eureka in region us-east-1
2020-05-20 16:39:32,960 - Using JSON encoding codec LegacyJacksonJson
2020-05-20 16:39:32,960 - Using JSON decoding codec LegacyJacksonJson
2020-05-20 16:39:33,105 - Using XML encoding codec XStreamXml
2020-05-20 16:39:33,105 - Using XML decoding codec XStreamXml
2020-05-20 16:39:33,282 - Resolving eureka endpoints via configuration
2020-05-20 16:39:33,564 - Disable delta property : false
2020-05-20 16:39:33,564 - Single vip registry refresh property : null
2020-05-20 16:39:33,564 - Force full registry fetch : false
2020-05-20 16:39:33,564 - Application is null : false
2020-05-20 16:39:33,564 - Registered Applications size is zero : true
2020-05-20 16:39:33,564 - Application version is -1: true
2020-05-20 16:39:33,565 - Getting all instance registry info from the eureka server
2020-05-20 16:39:34,096 - The response status is 200
2020-05-20 16:39:34,097 - Starting heartbeat executor: renew interval is: 30
2020-05-20 16:39:34,100 - InstanceInfoReplicator onDemand update allowed rate per min is 4
2020-05-20 16:39:34,103 - Discovery Client initialized at timestamp 1589963974102 with initial instances count: 0
2020-05-20 16:39:34,109 - Started ApigatewayApplicationTests in 10.51 seconds (JVM running for 11.216)
2020-05-20 16:39:34,393 - Flipping property: user-service.ribbon.ActiveConnectionsLimit to use NEXT property: niws.loadbalancer.availabilityFilteringRule.activeConnectionsLimit = 2147483647
2020-05-20 16:39:34,450 - Shutdown hook installed for: NFLoadBalancer-PingTimer-user-service
2020-05-20 16:39:34,450 - Client: user-service instantiated a LoadBalancer: DynamicServerListLoadBalancer:{NFLoadBalancer:name=user-service,current list of Servers=[],Load balancer stats=Zone stats: {},Server stats: []}ServerList:null
2020-05-20 16:39:34,458 - Using serverListUpdater PollingServerListUpdater
2020-05-20 16:39:34,462 - DynamicServerListLoadBalancer for client user-service initialized: DynamicServerListLoadBalancer:{NFLoadBalancer:name=user-service,current list of Servers=[],Load balancer stats=Zone stats: {},Server stats: []}ServerList:org.springframework.cloud.netflix.ribbon.eureka.DomainExtractingServerList@8aa5ab4
2020-05-20 16:39:34,584 - Unregistering application APIGATEWAY with eureka with status DOWN
2020-05-20 16:39:34,584 - Shutting down the Executor Pool for PollingServerListUpdater
2020-05-20 16:39:34,585 - Saw local status change event StatusChangeEvent [timestamp=1589963974585, current=DOWN, previous=STARTING]
2020-05-20 16:39:34,586 - DiscoveryClient_APIGATEWAY/DESKTOP-C4O8VBT:Apigateway:-1: registering service...
2020-05-20 16:39:34,601 - Stopping filter initializer
2020-05-20 16:39:34,604 - Shutdown hook removed for: NFLoadBalancer-PingTimer-user-service
2020-05-20 16:39:34,633 - Exception caught (might be ok if at shutdown)
java.lang.IllegalStateException: Shutdown in progress
	at java.lang.ApplicationShutdownHooks.remove(ApplicationShutdownHooks.java:82)
	at java.lang.Runtime.removeShutdownHook(Runtime.java:239)
	at com.netflix.util.concurrent.ShutdownEnabledTimer.cancel(ShutdownEnabledTimer.java:70)
	at com.netflix.loadbalancer.BaseLoadBalancer.cancelPingTask(BaseLoadBalancer.java:632)
	at com.netflix.loadbalancer.BaseLoadBalancer.shutdown(BaseLoadBalancer.java:883)
	at com.netflix.loadbalancer.DynamicServerListLoadBalancer.shutdown(DynamicServerListLoadBalancer.java:285)
	at sun.reflect.NativeMethodAccessorImpl.invoke0(Native Method)
	at sun.reflect.NativeMethodAccessorImpl.invoke(NativeMethodAccessorImpl.java:62)
	at sun.reflect.DelegatingMethodAccessorImpl.invoke(DelegatingMethodAccessorImpl.java:43)
	at java.lang.reflect.Method.invoke(Method.java:498)
	at org.springframework.beans.factory.support.DisposableBeanAdapter.invokeCustomDestroyMethod(DisposableBeanAdapter.java:339)
	at org.springframework.beans.factory.support.DisposableBeanAdapter.destroy(DisposableBeanAdapter.java:273)
	at org.springframework.beans.factory.support.DefaultSingletonBeanRegistry.destroyBean(DefaultSingletonBeanRegistry.java:571)
	at org.springframework.beans.factory.support.DefaultSingletonBeanRegistry.destroySingleton(DefaultSingletonBeanRegistry.java:543)
	at org.springframework.beans.factory.support.DefaultListableBeanFactory.destroySingleton(DefaultListableBeanFactory.java:1040)
	at org.springframework.beans.factory.support.DefaultSingletonBeanRegistry.destroySingletons(DefaultSingletonBeanRegistry.java:504)
	at org.springframework.beans.factory.support.DefaultListableBeanFactory.destroySingletons(DefaultListableBeanFactory.java:1033)
	at org.springframework.context.support.AbstractApplicationContext.destroyBeans(AbstractApplicationContext.java:1057)
	at org.springframework.context.support.AbstractApplicationContext.doClose(AbstractApplicationContext.java:1026)
	at org.springframework.context.support.AbstractApplicationContext.close(AbstractApplicationContext.java:975)
	at org.springframework.cloud.context.named.NamedContextFactory.destroy(NamedContextFactory.java:92)
	at org.springframework.beans.factory.support.DisposableBeanAdapter.destroy(DisposableBeanAdapter.java:258)
	at org.springframework.beans.factory.support.DefaultSingletonBeanRegistry.destroyBean(DefaultSingletonBeanRegistry.java:571)
	at org.springframework.beans.factory.support.DefaultSingletonBeanRegistry.destroySingleton(DefaultSingletonBeanRegistry.java:543)
	at org.springframework.beans.factory.support.DefaultListableBeanFactory.destroySingleton(DefaultListableBeanFactory.java:1040)
	at org.springframework.beans.factory.support.DefaultSingletonBeanRegistry.destroySingletons(DefaultSingletonBeanRegistry.java:504)
	at org.springframework.beans.factory.support.DefaultListableBeanFactory.destroySingletons(DefaultListableBeanFactory.java:1033)
	at org.springframework.context.support.AbstractApplicationContext.destroyBeans(AbstractApplicationContext.java:1057)
	at org.springframework.context.support.AbstractApplicationContext.doClose(AbstractApplicationContext.java:1026)
	at org.springframework.context.support.AbstractApplicationContext$1.run(AbstractApplicationContext.java:945)
2020-05-20 16:39:34,639 - Shutting down ExecutorService 'applicationTaskExecutor'
2020-05-20 16:39:34,716 - Shutting down DiscoveryClient ...
2020-05-20 16:39:34,795 - DiscoveryClient_APIGATEWAY/DESKTOP-C4O8VBT:Apigateway:-1 - registration status: 204
2020-05-20 16:39:34,796 - Unregistering ...
2020-05-20 16:39:34,806 - DiscoveryClient_APIGATEWAY/DESKTOP-C4O8VBT:Apigateway:-1 - deregister  status: 200
2020-05-20 16:39:34,812 - Completed shut down of DiscoveryClient
2020-05-20 20:35:23,061 - Bean 'org.springframework.cloud.autoconfigure.ConfigurationPropertiesRebinderAutoConfiguration' of type [org.springframework.cloud.autoconfigure.ConfigurationPropertiesRebinderAutoConfiguration$$EnhancerBySpringCGLIB$$361dce10] is not eligible for getting processed by all BeanPostProcessors (for example: not eligible for auto-proxying)
2020-05-20 20:35:23,613 - Fetching config from server at : http://localhost:8888
2020-05-20 20:35:25,707 - Connect Timeout Exception on Url - http://localhost:8888. Will be trying the next url if available
2020-05-20 20:35:25,707 - Could not locate PropertySource: I/O error on GET request for "http://localhost:8888/Apigateway/default": Connection refused: connect; nested exception is java.net.ConnectException: Connection refused: connect
2020-05-20 20:35:25,725 - No active profile set, falling back to default profiles: default
2020-05-20 20:35:26,752 - Endpoint ID 'service-registry' contains invalid characters, please migrate to a valid format.
2020-05-20 20:35:26,764 - Endpoint ID 'hystrix.stream' contains invalid characters, please migrate to a valid format.
2020-05-20 20:35:27,075 - BeanFactory id=76d31cbd-b051-3dd9-bfe1-ff7ade2ba3fc
2020-05-20 20:35:27,404 - Bean 'org.springframework.cloud.autoconfigure.ConfigurationPropertiesRebinderAutoConfiguration' of type [org.springframework.cloud.autoconfigure.ConfigurationPropertiesRebinderAutoConfiguration$$EnhancerBySpringCGLIB$$361dce10] is not eligible for getting processed by all BeanPostProcessors (for example: not eligible for auto-proxying)
2020-05-20 20:35:27,637 - No URLs will be polled as dynamic configuration sources.
2020-05-20 20:35:27,637 - To enable URLs as dynamic configuration sources, define System property archaius.configurationSource.additionalUrls or make config.properties available on classpath.
2020-05-20 20:35:27,678 - DynamicPropertyFactory is initialized with configuration sources: com.netflix.config.ConcurrentCompositeConfiguration@7b61bf11
2020-05-20 20:35:28,016 - No URLs will be polled as dynamic configuration sources.
2020-05-20 20:35:28,017 - To enable URLs as dynamic configuration sources, define System property archaius.configurationSource.additionalUrls or make config.properties available on classpath.
2020-05-20 20:35:28,318 - Initializing ExecutorService 'applicationTaskExecutor'
2020-05-20 20:35:30,420 - 

Using generated security password: d2620e4e-b1b1-4a31-bb76-e160c5c174ac

2020-05-20 20:35:30,599 - Creating filter chain: any request, [org.springframework.security.web.context.request.async.WebAsyncManagerIntegrationFilter@36c07c75, org.springframework.security.web.context.SecurityContextPersistenceFilter@1c5d3a37, org.springframework.security.web.header.HeaderWriterFilter@2bec068b, org.springframework.web.filter.CorsFilter@6750e381, org.springframework.security.web.authentication.logout.LogoutFilter@5a7b309b, org.springframework.security.web.savedrequest.RequestCacheAwareFilter@6f50d55c, org.springframework.security.web.servletapi.SecurityContextHolderAwareRequestFilter@6889f56f, org.springframework.security.web.authentication.AnonymousAuthenticationFilter@5d850a25, org.springframework.security.web.session.SessionManagementFilter@132e3594, org.springframework.security.web.access.ExceptionTranslationFilter@79df80a4]
2020-05-20 20:35:31,563 - Starting filter initializer
2020-05-20 20:35:31,602 - Exposing 2 endpoint(s) beneath base path '/actuator'
2020-05-20 20:35:31,676 - Setting initial instance status as: STARTING
2020-05-20 20:35:31,774 - Initializing Eureka in region us-east-1
2020-05-20 20:35:31,886 - Using JSON encoding codec LegacyJacksonJson
2020-05-20 20:35:31,886 - Using JSON decoding codec LegacyJacksonJson
2020-05-20 20:35:32,004 - Using XML encoding codec XStreamXml
2020-05-20 20:35:32,004 - Using XML decoding codec XStreamXml
2020-05-20 20:35:32,181 - Resolving eureka endpoints via configuration
2020-05-20 20:35:32,490 - Disable delta property : false
2020-05-20 20:35:32,490 - Single vip registry refresh property : null
2020-05-20 20:35:32,490 - Force full registry fetch : false
2020-05-20 20:35:32,491 - Application is null : false
2020-05-20 20:35:32,491 - Registered Applications size is zero : true
2020-05-20 20:35:32,491 - Application version is -1: true
2020-05-20 20:35:32,491 - Getting all instance registry info from the eureka server
2020-05-20 20:35:32,625 - The response status is 200
2020-05-20 20:35:32,627 - Starting heartbeat executor: renew interval is: 30
2020-05-20 20:35:32,629 - InstanceInfoReplicator onDemand update allowed rate per min is 4
2020-05-20 20:35:32,632 - Discovery Client initialized at timestamp 1589978132631 with initial instances count: 1
2020-05-20 20:35:32,638 - Started ApigatewayApplicationTests in 11.049 seconds (JVM running for 12.966)
2020-05-20 20:35:32,830 - Flipping property: user-service.ribbon.ActiveConnectionsLimit to use NEXT property: niws.loadbalancer.availabilityFilteringRule.activeConnectionsLimit = 2147483647
2020-05-20 20:35:32,922 - Shutdown hook installed for: NFLoadBalancer-PingTimer-user-service
2020-05-20 20:35:32,923 - Client: user-service instantiated a LoadBalancer: DynamicServerListLoadBalancer:{NFLoadBalancer:name=user-service,current list of Servers=[],Load balancer stats=Zone stats: {},Server stats: []}ServerList:null
2020-05-20 20:35:32,930 - Using serverListUpdater PollingServerListUpdater
2020-05-20 20:35:32,953 - Flipping property: user-service.ribbon.ActiveConnectionsLimit to use NEXT property: niws.loadbalancer.availabilityFilteringRule.activeConnectionsLimit = 2147483647
2020-05-20 20:35:32,957 - DynamicServerListLoadBalancer for client user-service initialized: DynamicServerListLoadBalancer:{NFLoadBalancer:name=user-service,current list of Servers=[DESKTOP-C4O8VBT:10011],Load balancer stats=Zone stats: {defaultzone=[Zone:defaultzone;	Instance count:1;	Active connections count: 0;	Circuit breaker tripped count: 0;	Active connections per server: 0.0;]
},Server stats: [[Server:DESKTOP-C4O8VBT:10011;	Zone:defaultZone;	Total Requests:0;	Successive connection failure:0;	Total blackout seconds:0;	Last connection made:Thu Jan 01 08:00:00 CST 1970;	First connection made: Thu Jan 01 08:00:00 CST 1970;	Active Connections:0;	total failure count in last (1000) msecs:0;	average resp time:0.0;	90 percentile resp time:0.0;	95 percentile resp time:0.0;	min resp time:0.0;	max resp time:0.0;	stddev resp time:0.0]
]}ServerList:org.springframework.cloud.netflix.ribbon.eureka.DomainExtractingServerList@7227926b
2020-05-20 20:35:33,036 - Shutting down the Executor Pool for PollingServerListUpdater
2020-05-20 20:35:33,036 - Unregistering application APIGATEWAY with eureka with status DOWN
2020-05-20 20:35:33,038 - Saw local status change event StatusChangeEvent [timestamp=1589978133038, current=DOWN, previous=STARTING]
2020-05-20 20:35:33,041 - DiscoveryClient_APIGATEWAY/DESKTOP-C4O8VBT:Apigateway:-1: registering service...
2020-05-20 20:35:33,042 - Stopping filter initializer
2020-05-20 20:35:33,045 - Shutdown hook removed for: NFLoadBalancer-PingTimer-user-service
2020-05-20 20:35:33,093 - Exception caught (might be ok if at shutdown)
java.lang.IllegalStateException: Shutdown in progress
	at java.lang.ApplicationShutdownHooks.remove(ApplicationShutdownHooks.java:82)
	at java.lang.Runtime.removeShutdownHook(Runtime.java:239)
	at com.netflix.util.concurrent.ShutdownEnabledTimer.cancel(ShutdownEnabledTimer.java:70)
	at com.netflix.loadbalancer.BaseLoadBalancer.cancelPingTask(BaseLoadBalancer.java:632)
	at com.netflix.loadbalancer.BaseLoadBalancer.shutdown(BaseLoadBalancer.java:883)
	at com.netflix.loadbalancer.DynamicServerListLoadBalancer.shutdown(DynamicServerListLoadBalancer.java:285)
	at sun.reflect.NativeMethodAccessorImpl.invoke0(Native Method)
	at sun.reflect.NativeMethodAccessorImpl.invoke(NativeMethodAccessorImpl.java:62)
	at sun.reflect.DelegatingMethodAccessorImpl.invoke(DelegatingMethodAccessorImpl.java:43)
	at java.lang.reflect.Method.invoke(Method.java:498)
	at org.springframework.beans.factory.support.DisposableBeanAdapter.invokeCustomDestroyMethod(DisposableBeanAdapter.java:339)
	at org.springframework.beans.factory.support.DisposableBeanAdapter.destroy(DisposableBeanAdapter.java:273)
	at org.springframework.beans.factory.support.DefaultSingletonBeanRegistry.destroyBean(DefaultSingletonBeanRegistry.java:571)
	at org.springframework.beans.factory.support.DefaultSingletonBeanRegistry.destroySingleton(DefaultSingletonBeanRegistry.java:543)
	at org.springframework.beans.factory.support.DefaultListableBeanFactory.destroySingleton(DefaultListableBeanFactory.java:1040)
	at org.springframework.beans.factory.support.DefaultSingletonBeanRegistry.destroySingletons(DefaultSingletonBeanRegistry.java:504)
	at org.springframework.beans.factory.support.DefaultListableBeanFactory.destroySingletons(DefaultListableBeanFactory.java:1033)
	at org.springframework.context.support.AbstractApplicationContext.destroyBeans(AbstractApplicationContext.java:1057)
	at org.springframework.context.support.AbstractApplicationContext.doClose(AbstractApplicationContext.java:1026)
	at org.springframework.context.support.AbstractApplicationContext.close(AbstractApplicationContext.java:975)
	at org.springframework.cloud.context.named.NamedContextFactory.destroy(NamedContextFactory.java:92)
	at org.springframework.beans.factory.support.DisposableBeanAdapter.destroy(DisposableBeanAdapter.java:258)
	at org.springframework.beans.factory.support.DefaultSingletonBeanRegistry.destroyBean(DefaultSingletonBeanRegistry.java:571)
	at org.springframework.beans.factory.support.DefaultSingletonBeanRegistry.destroySingleton(DefaultSingletonBeanRegistry.java:543)
	at org.springframework.beans.factory.support.DefaultListableBeanFactory.destroySingleton(DefaultListableBeanFactory.java:1040)
	at org.springframework.beans.factory.support.DefaultSingletonBeanRegistry.destroySingletons(DefaultSingletonBeanRegistry.java:504)
	at org.springframework.beans.factory.support.DefaultListableBeanFactory.destroySingletons(DefaultListableBeanFactory.java:1033)
	at org.springframework.context.support.AbstractApplicationContext.destroyBeans(AbstractApplicationContext.java:1057)
	at org.springframework.context.support.AbstractApplicationContext.doClose(AbstractApplicationContext.java:1026)
	at org.springframework.context.support.AbstractApplicationContext$1.run(AbstractApplicationContext.java:945)
2020-05-20 20:35:33,098 - Shutting down ExecutorService 'applicationTaskExecutor'
2020-05-20 20:35:33,269 - DiscoveryClient_APIGATEWAY/DESKTOP-C4O8VBT:Apigateway:-1 - registration status: 204
2020-05-20 20:35:33,339 - Shutting down DiscoveryClient ...
2020-05-20 20:35:36,342 - Unregistering ...
2020-05-20 20:35:36,368 - DiscoveryClient_APIGATEWAY/DESKTOP-C4O8VBT:Apigateway:-1 - deregister  status: 200
2020-05-20 20:35:36,374 - Completed shut down of DiscoveryClient
