2020-05-22 16:30:59,345 - Bean 'org.springframework.cloud.autoconfigure.ConfigurationPropertiesRebinderAutoConfiguration' of type [org.springframework.cloud.autoconfigure.ConfigurationPropertiesRebinderAutoConfiguration$$EnhancerBySpringCGLIB$$361dce10] is not eligible for getting processed by all BeanPostProcessors (for example: not eligible for auto-proxying)
2020-05-22 16:30:59,834 - Fetching config from server at : http://localhost:8888
2020-05-22 16:31:01,929 - Connect Timeout Exception on Url - http://localhost:8888. Will be trying the next url if available
2020-05-22 16:31:01,930 - Could not locate PropertySource: I/O error on GET request for "http://localhost:8888/Apigateway/default": Connection refused: connect; nested exception is java.net.ConnectException: Connection refused: connect
2020-05-22 16:31:01,936 - No active profile set, falling back to default profiles: default
2020-05-22 16:31:02,644 - Endpoint ID 'service-registry' contains invalid characters, please migrate to a valid format.
2020-05-22 16:31:02,658 - Endpoint ID 'hystrix.stream' contains invalid characters, please migrate to a valid format.
2020-05-22 16:31:02,947 - BeanFactory id=76d31cbd-b051-3dd9-bfe1-ff7ade2ba3fc
2020-05-22 16:31:03,166 - Bean 'org.springframework.cloud.autoconfigure.ConfigurationPropertiesRebinderAutoConfiguration' of type [org.springframework.cloud.autoconfigure.ConfigurationPropertiesRebinderAutoConfiguration$$EnhancerBySpringCGLIB$$361dce10] is not eligible for getting processed by all BeanPostProcessors (for example: not eligible for auto-proxying)
2020-05-22 16:31:03,409 - No URLs will be polled as dynamic configuration sources.
2020-05-22 16:31:03,409 - To enable URLs as dynamic configuration sources, define System property archaius.configurationSource.additionalUrls or make config.properties available on classpath.
2020-05-22 16:31:03,443 - DynamicPropertyFactory is initialized with configuration sources: com.netflix.config.ConcurrentCompositeConfiguration@315105f
2020-05-22 16:31:03,734 - No URLs will be polled as dynamic configuration sources.
2020-05-22 16:31:03,734 - To enable URLs as dynamic configuration sources, define System property archaius.configurationSource.additionalUrls or make config.properties available on classpath.
2020-05-22 16:31:03,989 - Initializing ExecutorService 'applicationTaskExecutor'
2020-05-22 16:31:05,887 - 

Using generated security password: c9399270-458a-4d79-be14-67f8b78647fe

2020-05-22 16:31:06,012 - Creating filter chain: any request, [org.springframework.security.web.context.request.async.WebAsyncManagerIntegrationFilter@6750e381, org.springframework.security.web.context.SecurityContextPersistenceFilter@7e3d2ebd, org.springframework.security.web.header.HeaderWriterFilter@7d59e968, org.springframework.web.filter.CorsFilter@5d850a25, org.springframework.security.web.authentication.logout.LogoutFilter@4602f874, org.springframework.security.web.savedrequest.RequestCacheAwareFilter@19b5214b, org.springframework.security.web.servletapi.SecurityContextHolderAwareRequestFilter@231b35fb, org.springframework.security.web.authentication.AnonymousAuthenticationFilter@b022551, org.springframework.security.web.session.SessionManagementFilter@4f235107, org.springframework.security.web.access.ExceptionTranslationFilter@130cfc47]
2020-05-22 16:31:06,820 - Starting filter initializer
2020-05-22 16:31:06,863 - Exposing 2 endpoint(s) beneath base path '/actuator'
2020-05-22 16:31:06,930 - Setting initial instance status as: STARTING
2020-05-22 16:31:06,989 - Initializing Eureka in region us-east-1
2020-05-22 16:31:07,054 - Using JSON encoding codec LegacyJacksonJson
2020-05-22 16:31:07,054 - Using JSON decoding codec LegacyJacksonJson
2020-05-22 16:31:07,166 - Using XML encoding codec XStreamXml
2020-05-22 16:31:07,166 - Using XML decoding codec XStreamXml
2020-05-22 16:31:07,302 - Resolving eureka endpoints via configuration
2020-05-22 16:31:07,618 - Disable delta property : false
2020-05-22 16:31:07,619 - Single vip registry refresh property : null
2020-05-22 16:31:07,619 - Force full registry fetch : false
2020-05-22 16:31:07,619 - Application is null : false
2020-05-22 16:31:07,619 - Registered Applications size is zero : true
2020-05-22 16:31:07,619 - Application version is -1: true
2020-05-22 16:31:07,619 - Getting all instance registry info from the eureka server
2020-05-22 16:31:11,708 - Request execution failed with message: java.net.ConnectException: Connection refused: connect
2020-05-22 16:31:11,726 - Using default backup registry implementation which does not do anything.
2020-05-22 16:31:11,728 - Starting heartbeat executor: renew interval is: 30
2020-05-22 16:31:11,731 - InstanceInfoReplicator onDemand update allowed rate per min is 4
2020-05-22 16:31:11,733 - Discovery Client initialized at timestamp 1590136271732 with initial instances count: 0
2020-05-22 16:31:11,739 - Started ApigatewayApplicationTests in 13.377 seconds (JVM running for 14.075)
2020-05-22 16:31:11,938 - Flipping property: user-service.ribbon.ActiveConnectionsLimit to use NEXT property: niws.loadbalancer.availabilityFilteringRule.activeConnectionsLimit = 2147483647
2020-05-22 16:31:12,300 - Shutdown hook installed for: NFLoadBalancer-PingTimer-user-service
2020-05-22 16:31:12,300 - Client: user-service instantiated a LoadBalancer: DynamicServerListLoadBalancer:{NFLoadBalancer:name=user-service,current list of Servers=[],Load balancer stats=Zone stats: {},Server stats: []}ServerList:null
2020-05-22 16:31:12,417 - Using serverListUpdater PollingServerListUpdater
2020-05-22 16:31:12,421 - DynamicServerListLoadBalancer for client user-service initialized: DynamicServerListLoadBalancer:{NFLoadBalancer:name=user-service,current list of Servers=[],Load balancer stats=Zone stats: {},Server stats: []}ServerList:org.springframework.cloud.netflix.ribbon.eureka.DomainExtractingServerList@41f686af
2020-05-22 16:31:12,633 - Shutting down the Executor Pool for PollingServerListUpdater
2020-05-22 16:31:12,635 - Unregistering application APIGATEWAY with eureka with status DOWN
2020-05-22 16:31:12,647 - Saw local status change event StatusChangeEvent [timestamp=1590136272647, current=DOWN, previous=STARTING]
2020-05-22 16:31:12,661 - DiscoveryClient_APIGATEWAY/DESKTOP-C4O8VBT:Apigateway:-1: registering service...
2020-05-22 16:31:12,664 - Stopping filter initializer
2020-05-22 16:31:12,688 - Shutdown hook removed for: NFLoadBalancer-PingTimer-user-service
2020-05-22 16:31:12,692 - Exception caught (might be ok if at shutdown)
java.lang.IllegalStateException: Shutdown in progress
	at java.lang.ApplicationShutdownHooks.remove(ApplicationShutdownHooks.java:82)
	at java.lang.Runtime.removeShutdownHook(Runtime.java:239)
	at com.netflix.util.concurrent.ShutdownEnabledTimer.cancel(ShutdownEnabledTimer.java:70)
	at com.netflix.loadbalancer.BaseLoadBalancer.cancelPingTask(BaseLoadBalancer.java:632)
	at com.netflix.loadbalancer.BaseLoadBalancer.shutdown(BaseLoadBalancer.java:883)
	at com.netflix.loadbalancer.DynamicServerListLoadBalancer.shutdown(DynamicServerListLoadBalancer.java:285)
	at sun.reflect.NativeMethodAccessorImpl.invoke0(Native Method)
	at sun.reflect.NativeMethodAccessorImpl.invoke(NativeMethodAccessorImpl.java:62)
	at sun.reflect.DelegatingMethodAccessorImpl.invoke(DelegatingMethodAccessorImpl.java:43)
	at java.lang.reflect.Method.invoke(Method.java:498)
	at org.springframework.beans.factory.support.DisposableBeanAdapter.invokeCustomDestroyMethod(DisposableBeanAdapter.java:339)
	at org.springframework.beans.factory.support.DisposableBeanAdapter.destroy(DisposableBeanAdapter.java:273)
	at org.springframework.beans.factory.support.DefaultSingletonBeanRegistry.destroyBean(DefaultSingletonBeanRegistry.java:571)
	at org.springframework.beans.factory.support.DefaultSingletonBeanRegistry.destroySingleton(DefaultSingletonBeanRegistry.java:543)
	at org.springframework.beans.factory.support.DefaultListableBeanFactory.destroySingleton(DefaultListableBeanFactory.java:1040)
	at org.springframework.beans.factory.support.DefaultSingletonBeanRegistry.destroySingletons(DefaultSingletonBeanRegistry.java:504)
	at org.springframework.beans.factory.support.DefaultListableBeanFactory.destroySingletons(DefaultListableBeanFactory.java:1033)
	at org.springframework.context.support.AbstractApplicationContext.destroyBeans(AbstractApplicationContext.java:1057)
	at org.springframework.context.support.AbstractApplicationContext.doClose(AbstractApplicationContext.java:1026)
	at org.springframework.context.support.AbstractApplicationContext.close(AbstractApplicationContext.java:975)
	at org.springframework.cloud.context.named.NamedContextFactory.destroy(NamedContextFactory.java:92)
	at org.springframework.beans.factory.support.DisposableBeanAdapter.destroy(DisposableBeanAdapter.java:258)
	at org.springframework.beans.factory.support.DefaultSingletonBeanRegistry.destroyBean(DefaultSingletonBeanRegistry.java:571)
	at org.springframework.beans.factory.support.DefaultSingletonBeanRegistry.destroySingleton(DefaultSingletonBeanRegistry.java:543)
	at org.springframework.beans.factory.support.DefaultListableBeanFactory.destroySingleton(DefaultListableBeanFactory.java:1040)
	at org.springframework.beans.factory.support.DefaultSingletonBeanRegistry.destroySingletons(DefaultSingletonBeanRegistry.java:504)
	at org.springframework.beans.factory.support.DefaultListableBeanFactory.destroySingletons(DefaultListableBeanFactory.java:1033)
	at org.springframework.context.support.AbstractApplicationContext.destroyBeans(AbstractApplicationContext.java:1057)
	at org.springframework.context.support.AbstractApplicationContext.doClose(AbstractApplicationContext.java:1026)
	at org.springframework.context.support.AbstractApplicationContext$1.run(AbstractApplicationContext.java:945)
2020-05-22 16:31:12,710 - Shutting down ExecutorService 'applicationTaskExecutor'
2020-05-22 16:31:12,741 - Shutting down DiscoveryClient ...
2020-05-22 16:31:15,743 - Unregistering ...
2020-05-22 16:31:16,694 - Request execution failed with message: java.net.ConnectException: Connection refused: connect
2020-05-22 16:31:16,694 - DiscoveryClient_APIGATEWAY/DESKTOP-C4O8VBT:Apigateway:-1 - registration failed Cannot execute request on any known server
com.netflix.discovery.shared.transport.TransportException: Cannot execute request on any known server
	at com.netflix.discovery.shared.transport.decorator.RetryableEurekaHttpClient.execute(RetryableEurekaHttpClient.java:112)
	at com.netflix.discovery.shared.transport.decorator.EurekaHttpClientDecorator.register(EurekaHttpClientDecorator.java:56)
	at com.netflix.discovery.shared.transport.decorator.EurekaHttpClientDecorator$1.execute(EurekaHttpClientDecorator.java:59)
	at com.netflix.discovery.shared.transport.decorator.SessionedEurekaHttpClient.execute(SessionedEurekaHttpClient.java:77)
	at com.netflix.discovery.shared.transport.decorator.EurekaHttpClientDecorator.register(EurekaHttpClientDecorator.java:56)
	at com.netflix.discovery.DiscoveryClient.register(DiscoveryClient.java:847)
	at com.netflix.discovery.InstanceInfoReplicator.run(InstanceInfoReplicator.java:121)
	at com.netflix.discovery.InstanceInfoReplicator$1.run(InstanceInfoReplicator.java:101)
	at java.util.concurrent.Executors$RunnableAdapter.call(Executors.java:511)
	at java.util.concurrent.FutureTask.run(FutureTask.java:266)
	at java.util.concurrent.ScheduledThreadPoolExecutor$ScheduledFutureTask.access$201(ScheduledThreadPoolExecutor.java:180)
	at java.util.concurrent.ScheduledThreadPoolExecutor$ScheduledFutureTask.run(ScheduledThreadPoolExecutor.java:293)
	at java.util.concurrent.ThreadPoolExecutor.runWorker(ThreadPoolExecutor.java:1149)
	at java.util.concurrent.ThreadPoolExecutor$Worker.run(ThreadPoolExecutor.java:624)
	at java.lang.Thread.run(Thread.java:748)
2020-05-22 16:31:16,694 - There was a problem with the instance info replicator
com.netflix.discovery.shared.transport.TransportException: Cannot execute request on any known server
	at com.netflix.discovery.shared.transport.decorator.RetryableEurekaHttpClient.execute(RetryableEurekaHttpClient.java:112)
	at com.netflix.discovery.shared.transport.decorator.EurekaHttpClientDecorator.register(EurekaHttpClientDecorator.java:56)
	at com.netflix.discovery.shared.transport.decorator.EurekaHttpClientDecorator$1.execute(EurekaHttpClientDecorator.java:59)
	at com.netflix.discovery.shared.transport.decorator.SessionedEurekaHttpClient.execute(SessionedEurekaHttpClient.java:77)
	at com.netflix.discovery.shared.transport.decorator.EurekaHttpClientDecorator.register(EurekaHttpClientDecorator.java:56)
	at com.netflix.discovery.DiscoveryClient.register(DiscoveryClient.java:847)
	at com.netflix.discovery.InstanceInfoReplicator.run(InstanceInfoReplicator.java:121)
	at com.netflix.discovery.InstanceInfoReplicator$1.run(InstanceInfoReplicator.java:101)
	at java.util.concurrent.Executors$RunnableAdapter.call(Executors.java:511)
	at java.util.concurrent.FutureTask.run(FutureTask.java:266)
	at java.util.concurrent.ScheduledThreadPoolExecutor$ScheduledFutureTask.access$201(ScheduledThreadPoolExecutor.java:180)
	at java.util.concurrent.ScheduledThreadPoolExecutor$ScheduledFutureTask.run(ScheduledThreadPoolExecutor.java:293)
	at java.util.concurrent.ThreadPoolExecutor.runWorker(ThreadPoolExecutor.java:1149)
	at java.util.concurrent.ThreadPoolExecutor$Worker.run(ThreadPoolExecutor.java:624)
	at java.lang.Thread.run(Thread.java:748)
2020-05-22 16:31:19,777 - Request execution failed with message: java.net.ConnectException: Connection refused: connect
2020-05-22 16:31:19,788 - Completed shut down of DiscoveryClient
